Using pre-set license
Built from '2020.3/staging' branch; Version is '2020.3.11f1 (99c7afb366b3) revision 10078127'; Using compiler version '192528614'; Build Type 'Release'
OS: 'Windows 10 Enterprise; OS build 19041.1110; Version 2004; 64bit' Language: 'en' Physical Memory: 11206 MB
BatchMode: 1, IsHumanControllingUs: 0, StartBugReporterOnCrash: 0, Is64bit: 1, IsPro: 0

 COMMAND LINE ARGUMENTS:
C:\Program Files\Unity\Hub\Editor\2020.3.11f1\Editor\Unity.exe
-adb2
-batchMode
-noUpm
-name
AssetImportWorker0
-projectPath
C:/Users/v1213/source/repos/Tetris_Rework
-logFile
Logs/AssetImportWorker0.log
-srvPort
51532
Successfully changed project path to: C:/Users/v1213/source/repos/Tetris_Rework
C:/Users/v1213/source/repos/Tetris_Rework
Using Asset Import Pipeline V2.
Refreshing native plugins compatible for Editor in 45.06 ms, found 3 plugins.
Preloading 0 native plugins for Editor in 0.00 ms.
Initialize engine version: 2020.3.11f1 (99c7afb366b3)
[Subsystems] Discovering subsystems at path C:/Program Files/Unity/Hub/Editor/2020.3.11f1/Editor/Data/Resources/UnitySubsystems
[Subsystems] Discovering subsystems at path C:/Users/v1213/source/repos/Tetris_Rework/Assets
GfxDevice: creating device client; threaded=0
Direct3D:
    Version:  Direct3D 11.0 [level 11.0]
    Renderer: NVIDIA GeForce GTX 760 (ID=0x1187)
    Vendor:   
    VRAM:     2007 MB
    Driver:   27.21.14.6611
Initialize mono
Mono path[0] = 'C:/Program Files/Unity/Hub/Editor/2020.3.11f1/Editor/Data/Managed'
Mono path[1] = 'C:/Program Files/Unity/Hub/Editor/2020.3.11f1/Editor/Data/MonoBleedingEdge/lib/mono/unityjit'
Mono config path = 'C:/Program Files/Unity/Hub/Editor/2020.3.11f1/Editor/Data/MonoBleedingEdge/etc'
Using monoOptions --debugger-agent=transport=dt_socket,embedding=1,server=y,suspend=n,address=127.0.0.1:56064
Begin MonoManager ReloadAssembly
Registering precompiled unity dll's ...
Register platform support module: C:/Program Files/Unity/Hub/Editor/2020.3.11f1/Editor/Data/PlaybackEngines/WebGLSupport/UnityEditor.WebGL.Extensions.dll
Register platform support module: C:/Program Files/Unity/Hub/Editor/2020.3.11f1/Editor/Data/PlaybackEngines/WindowsStandaloneSupport/UnityEditor.WindowsStandalone.Extensions.dll
Registered in 0.002721 seconds.
Native extension for WindowsStandalone target not found
Native extension for WebGL target not found
Refreshing native plugins compatible for Editor in 42.77 ms, found 3 plugins.
Preloading 0 native plugins for Editor in 0.00 ms.
Mono: successfully reloaded assembly
- Completed reload, in  2.758 seconds
Platform modules already initialized, skipping
Registering precompiled user dll's ...
Registered in 0.004341 seconds.
Begin MonoManager ReloadAssembly
Native extension for WindowsStandalone target not found
Native extension for WebGL target not found
Refreshing native plugins compatible for Editor in 47.76 ms, found 3 plugins.
Preloading 0 native plugins for Editor in 0.00 ms.
Mono: successfully reloaded assembly
- Completed reload, in  1.449 seconds
Platform modules already initialized, skipping
========================================================================
Worker process is ready to serve import requests
Launched and connected shader compiler UnityShaderCompiler.exe after 0.05 seconds
Refreshing native plugins compatible for Editor in 0.55 ms, found 3 plugins.
Preloading 0 native plugins for Editor in 0.00 ms.
Unloading 2080 Unused Serialized files (Serialized files now loaded: 0)
System memory in use before: 93.0 MB.
System memory in use after: 92.9 MB.

Unloading 33 unused Assets to reduce memory usage. Loaded Objects now: 2514.
Total: 3.414000 ms (FindLiveObjects: 0.327100 ms CreateObjectMapping: 0.204000 ms MarkObjects: 2.713100 ms  DeleteObjects: 0.167600 ms)

========================================================================
Received Import Request.
  path: Assets/Prefabs/Block.prefab
  artifactKey: Guid(008d158628903844eb0a3d2aeb727130) Importer(815301076,1909f56bfc062723c751e8b465ee728b)
Start importing Assets/Prefabs/Block.prefab using Guid(008d158628903844eb0a3d2aeb727130) Importer(815301076,1909f56bfc062723c751e8b465ee728b)  -> (artifact id: '6f99e96c006229a5d96bbea6b3f399c7') in 0.137111 seconds
  Import took 0.141814 seconds .

========================================================================
Received Import Request.
  Time since last request: 21.417167 seconds.
  path: Assets/Prefabs/Block 1.prefab
  artifactKey: Guid(2c66287bc049c934cb8de2618dcf5dbd) Importer(815301076,1909f56bfc062723c751e8b465ee728b)
Start importing Assets/Prefabs/Block 1.prefab using Guid(2c66287bc049c934cb8de2618dcf5dbd) Importer(815301076,1909f56bfc062723c751e8b465ee728b)  -> (artifact id: 'da42831ba138f7a951f365ba12edcf72') in 0.023693 seconds
  Import took 0.028475 seconds .

========================================================================
Received Import Request.
  Time since last request: 18.368763 seconds.
  path: Assets/Prefabs/Block 2.prefab
  artifactKey: Guid(7d7086c0c9fead44a92ea9179b62092b) Importer(815301076,1909f56bfc062723c751e8b465ee728b)
Start importing Assets/Prefabs/Block 2.prefab using Guid(7d7086c0c9fead44a92ea9179b62092b) Importer(815301076,1909f56bfc062723c751e8b465ee728b)  -> (artifact id: '27ddf434781c571d18b84cffa31a7213') in 0.021283 seconds
  Import took 0.026558 seconds .

========================================================================
Received Prepare
Registering precompiled user dll's ...
Registered in 0.004529 seconds.
Begin MonoManager ReloadAssembly
Native extension for WindowsStandalone target not found
Native extension for WebGL target not found
Refreshing native plugins compatible for Editor in 0.63 ms, found 3 plugins.
Preloading 0 native plugins for Editor in 0.00 ms.
Mono: successfully reloaded assembly
- Completed reload, in  1.377 seconds
Platform modules already initialized, skipping
Refreshing native plugins compatible for Editor in 0.48 ms, found 3 plugins.
Preloading 0 native plugins for Editor in 0.00 ms.
Unloading 2079 Unused Serialized files (Serialized files now loaded: 0)
System memory in use before: 96.0 MB.
System memory in use after: 95.9 MB.

Unloading 21 unused Assets to reduce memory usage. Loaded Objects now: 2529.
Total: 2.888600 ms (FindLiveObjects: 0.281000 ms CreateObjectMapping: 0.156000 ms MarkObjects: 2.288800 ms  DeleteObjects: 0.161800 ms)

========================================================================
Received Import Request.
  Time since last request: 132.683194 seconds.
  path: Assets/Prefabs/Block 1.prefab
  artifactKey: Guid(2c66287bc049c934cb8de2618dcf5dbd) Importer(815301076,1909f56bfc062723c751e8b465ee728b)
Start importing Assets/Prefabs/Block 1.prefab using Guid(2c66287bc049c934cb8de2618dcf5dbd) Importer(815301076,1909f56bfc062723c751e8b465ee728b)  -> (artifact id: '06bf39fd1a8ff896a1464809aec4efe3') in 0.067649 seconds
  Import took 0.072275 seconds .

========================================================================
Received Import Request.
  Time since last request: 0.000225 seconds.
  path: Assets/Prefabs/Block 2.prefab
  artifactKey: Guid(7d7086c0c9fead44a92ea9179b62092b) Importer(815301076,1909f56bfc062723c751e8b465ee728b)
Start importing Assets/Prefabs/Block 2.prefab using Guid(7d7086c0c9fead44a92ea9179b62092b) Importer(815301076,1909f56bfc062723c751e8b465ee728b)  -> (artifact id: 'ba7343a04a93aa35fcb8339013e220c7') in 0.013905 seconds
  Import took 0.018522 seconds .

========================================================================
Received Import Request.
  Time since last request: 0.000176 seconds.
  path: Assets/Prefabs/Block.prefab
  artifactKey: Guid(008d158628903844eb0a3d2aeb727130) Importer(815301076,1909f56bfc062723c751e8b465ee728b)
Start importing Assets/Prefabs/Block.prefab using Guid(008d158628903844eb0a3d2aeb727130) Importer(815301076,1909f56bfc062723c751e8b465ee728b)  -> (artifact id: 'f01920ebaeb86929a4ef956e1acfd71d') in 0.015181 seconds
  Import took 0.019675 seconds .

========================================================================
Received Import Request.
  Time since last request: 13.863980 seconds.
  path: Assets/Prefabs/Block 1.prefab
  artifactKey: Guid(2c66287bc049c934cb8de2618dcf5dbd) Importer(815301076,1909f56bfc062723c751e8b465ee728b)
Start importing Assets/Prefabs/Block 1.prefab using Guid(2c66287bc049c934cb8de2618dcf5dbd) Importer(815301076,1909f56bfc062723c751e8b465ee728b)  -> (artifact id: '0ec142e7dafdd3eb5f9834bbd012b8b1') in 0.015491 seconds
  Import took 0.020624 seconds .

========================================================================
Received Import Request.
  Time since last request: 0.000288 seconds.
  path: Assets/Prefabs/Block 2.prefab
  artifactKey: Guid(7d7086c0c9fead44a92ea9179b62092b) Importer(815301076,1909f56bfc062723c751e8b465ee728b)
Start importing Assets/Prefabs/Block 2.prefab using Guid(7d7086c0c9fead44a92ea9179b62092b) Importer(815301076,1909f56bfc062723c751e8b465ee728b)  -> (artifact id: '68f3fa8d68d5d7685e2ca56e0ad40b0f') in 0.011091 seconds
  Import took 0.017631 seconds .

========================================================================
Received Import Request.
  Time since last request: 0.000213 seconds.
  path: Assets/Prefabs/Block.prefab
  artifactKey: Guid(008d158628903844eb0a3d2aeb727130) Importer(815301076,1909f56bfc062723c751e8b465ee728b)
Start importing Assets/Prefabs/Block.prefab using Guid(008d158628903844eb0a3d2aeb727130) Importer(815301076,1909f56bfc062723c751e8b465ee728b)  -> (artifact id: 'c955270b94badac4182043a0fa02e1a5') in 0.010052 seconds
  Import took 0.013914 seconds .

========================================================================
Received Import Request.
  Time since last request: 7.219081 seconds.
  path: Assets/Scripts/BlockDrop.cs
  artifactKey: Guid(d75fbf1547e20b14a8aa789161fa2686) Importer(815301076,1909f56bfc062723c751e8b465ee728b)
Start importing Assets/Scripts/BlockDrop.cs using Guid(d75fbf1547e20b14a8aa789161fa2686) Importer(815301076,1909f56bfc062723c751e8b465ee728b)  -> (artifact id: '7cc31ba9bf30f2987929e496cfb2ff3a') in 0.012935 seconds
  Import took 0.017471 seconds .

========================================================================
Received Import Request.
  Time since last request: 0.003720 seconds.
  path: Assets/Scripts/BlockDrop.cs
  artifactKey: Guid(d75fbf1547e20b14a8aa789161fa2686) Importer(815301076,1909f56bfc062723c751e8b465ee728b)
Start importing Assets/Scripts/BlockDrop.cs using Guid(d75fbf1547e20b14a8aa789161fa2686) Importer(815301076,1909f56bfc062723c751e8b465ee728b)  -> (artifact id: '7cc31ba9bf30f2987929e496cfb2ff3a') in 0.002833 seconds
  Import took 0.006892 seconds .

========================================================================
Received Import Request.
  Time since last request: 11.399033 seconds.
  path: Assets/Scripts/PlayerController.cs
  artifactKey: Guid(bdc5a10b4a684854ebcea16a069d9b5f) Importer(815301076,1909f56bfc062723c751e8b465ee728b)
Start importing Assets/Scripts/PlayerController.cs using Guid(bdc5a10b4a684854ebcea16a069d9b5f) Importer(815301076,1909f56bfc062723c751e8b465ee728b)  -> (artifact id: '2f916b7f8c98578d4d89de450fbedf12') in 0.010317 seconds
  Import took 0.014578 seconds .

========================================================================
Received Import Request.
  Time since last request: 0.001701 seconds.
  path: Assets/Scripts/PlayerController.cs
  artifactKey: Guid(bdc5a10b4a684854ebcea16a069d9b5f) Importer(815301076,1909f56bfc062723c751e8b465ee728b)
Start importing Assets/Scripts/PlayerController.cs using Guid(bdc5a10b4a684854ebcea16a069d9b5f) Importer(815301076,1909f56bfc062723c751e8b465ee728b)  -> (artifact id: '2f916b7f8c98578d4d89de450fbedf12') in 0.002941 seconds
  Import took 0.007294 seconds .

========================================================================
Received Import Request.
  Time since last request: 7.991329 seconds.
  path: Assets/Prefabs/Block 1.prefab
  artifactKey: Guid(2c66287bc049c934cb8de2618dcf5dbd) Importer(815301076,1909f56bfc062723c751e8b465ee728b)
Start importing Assets/Prefabs/Block 1.prefab using Guid(2c66287bc049c934cb8de2618dcf5dbd) Importer(815301076,1909f56bfc062723c751e8b465ee728b)  -> (artifact id: '09f73e05205fb98aed0f75a40c1e9caf') in 0.012027 seconds
  Import took 0.016932 seconds .

========================================================================
Received Import Request.
  Time since last request: 0.000249 seconds.
  path: Assets/Prefabs/Block 2.prefab
  artifactKey: Guid(7d7086c0c9fead44a92ea9179b62092b) Importer(815301076,1909f56bfc062723c751e8b465ee728b)
Start importing Assets/Prefabs/Block 2.prefab using Guid(7d7086c0c9fead44a92ea9179b62092b) Importer(815301076,1909f56bfc062723c751e8b465ee728b)  -> (artifact id: '996edc0b98a91487571fb029b6df9c7a') in 0.016612 seconds
  Import took 0.020409 seconds .

========================================================================
Received Import Request.
  Time since last request: 0.000247 seconds.
  path: Assets/Prefabs/Block.prefab
  artifactKey: Guid(008d158628903844eb0a3d2aeb727130) Importer(815301076,1909f56bfc062723c751e8b465ee728b)
Start importing Assets/Prefabs/Block.prefab using Guid(008d158628903844eb0a3d2aeb727130) Importer(815301076,1909f56bfc062723c751e8b465ee728b)  -> (artifact id: 'e9e267d96c3007d6b9b6daa35dddcb0a') in 0.010962 seconds
  Import took 0.014991 seconds .

========================================================================
Received Prepare
Registering precompiled user dll's ...
Registered in 0.004182 seconds.
Begin MonoManager ReloadAssembly
Native extension for WindowsStandalone target not found
Native extension for WebGL target not found
Refreshing native plugins compatible for Editor in 0.52 ms, found 3 plugins.
Preloading 0 native plugins for Editor in 0.00 ms.
Mono: successfully reloaded assembly
- Completed reload, in  1.302 seconds
Platform modules already initialized, skipping
Refreshing native plugins compatible for Editor in 0.47 ms, found 3 plugins.
Preloading 0 native plugins for Editor in 0.00 ms.
Unloading 2079 Unused Serialized files (Serialized files now loaded: 0)
System memory in use before: 96.0 MB.
System memory in use after: 96.0 MB.

Unloading 21 unused Assets to reduce memory usage. Loaded Objects now: 2534.
Total: 2.456200 ms (FindLiveObjects: 0.182500 ms CreateObjectMapping: 0.080100 ms MarkObjects: 2.003000 ms  DeleteObjects: 0.189300 ms)

========================================================================
Received Import Request.
  Time since last request: 125.786027 seconds.
  path: Assets/Prefabs/Block 1.prefab
  artifactKey: Guid(2c66287bc049c934cb8de2618dcf5dbd) Importer(815301076,1909f56bfc062723c751e8b465ee728b)
Start importing Assets/Prefabs/Block 1.prefab using Guid(2c66287bc049c934cb8de2618dcf5dbd) Importer(815301076,1909f56bfc062723c751e8b465ee728b)  -> (artifact id: '304909acf0f495ef0c5bf368d138382c') in 0.071188 seconds
  Import took 0.076466 seconds .

========================================================================
Received Import Request.
  Time since last request: 2.916926 seconds.
  path: Assets/Prefabs/Block 2.prefab
  artifactKey: Guid(7d7086c0c9fead44a92ea9179b62092b) Importer(815301076,1909f56bfc062723c751e8b465ee728b)
Start importing Assets/Prefabs/Block 2.prefab using Guid(7d7086c0c9fead44a92ea9179b62092b) Importer(815301076,1909f56bfc062723c751e8b465ee728b)  -> (artifact id: '9dc6d9e1385d0eb171f0aa08654d33a5') in 0.009879 seconds
  Import took 0.014479 seconds .

========================================================================
Received Import Request.
  Time since last request: 3.002914 seconds.
  path: Assets/Prefabs/Block.prefab
  artifactKey: Guid(008d158628903844eb0a3d2aeb727130) Importer(815301076,1909f56bfc062723c751e8b465ee728b)
Start importing Assets/Prefabs/Block.prefab using Guid(008d158628903844eb0a3d2aeb727130) Importer(815301076,1909f56bfc062723c751e8b465ee728b)  -> (artifact id: '9f3d5f91b7fc0e80d7bd9fd0160d3c72') in 0.009905 seconds
  Import took 0.013978 seconds .

========================================================================
Received Prepare
Registering precompiled user dll's ...
Registered in 0.004931 seconds.
Begin MonoManager ReloadAssembly
Native extension for WindowsStandalone target not found
Native extension for WebGL target not found
Refreshing native plugins compatible for Editor in 0.51 ms, found 3 plugins.
Preloading 0 native plugins for Editor in 0.00 ms.
Mono: successfully reloaded assembly
- Completed reload, in  1.160 seconds
Platform modules already initialized, skipping
Refreshing native plugins compatible for Editor in 0.47 ms, found 3 plugins.
Preloading 0 native plugins for Editor in 0.00 ms.
Unloading 2079 Unused Serialized files (Serialized files now loaded: 0)
System memory in use before: 96.1 MB.
System memory in use after: 96.0 MB.

Unloading 21 unused Assets to reduce memory usage. Loaded Objects now: 2539.
Total: 2.443400 ms (FindLiveObjects: 0.179000 ms CreateObjectMapping: 0.080500 ms MarkObjects: 2.037100 ms  DeleteObjects: 0.145600 ms)

========================================================================
Received Import Request.
  Time since last request: 59.759116 seconds.
  path: Assets/Scripts/BlockDrop.cs
  artifactKey: Guid(d75fbf1547e20b14a8aa789161fa2686) Importer(815301076,1909f56bfc062723c751e8b465ee728b)
Start importing Assets/Scripts/BlockDrop.cs using Guid(d75fbf1547e20b14a8aa789161fa2686) Importer(815301076,1909f56bfc062723c751e8b465ee728b)  -> (artifact id: '5cf7a554b3d605c0c8d4e8c67c1c60f2') in 0.006086 seconds
  Import took 0.009744 seconds .

========================================================================
Received Import Request.
  Time since last request: 6.902551 seconds.
  path: Assets/Scripts/SpawnManager.cs
  artifactKey: Guid(01ccfefcde324e044955f688bf9137fe) Importer(815301076,1909f56bfc062723c751e8b465ee728b)
Start importing Assets/Scripts/SpawnManager.cs using Guid(01ccfefcde324e044955f688bf9137fe) Importer(815301076,1909f56bfc062723c751e8b465ee728b)  -> (artifact id: '9d47b0374fa3f11e397b701b98189de1') in 0.010242 seconds
  Import took 0.014047 seconds .

========================================================================
Received Import Request.
  Time since last request: 0.005761 seconds.
  path: Assets/Scripts/SpawnManager.cs
  artifactKey: Guid(01ccfefcde324e044955f688bf9137fe) Importer(815301076,1909f56bfc062723c751e8b465ee728b)
Start importing Assets/Scripts/SpawnManager.cs using Guid(01ccfefcde324e044955f688bf9137fe) Importer(815301076,1909f56bfc062723c751e8b465ee728b)  -> (artifact id: '9d47b0374fa3f11e397b701b98189de1') in 0.004095 seconds
  Import took 0.008642 seconds .

========================================================================
Received Prepare
Registering precompiled user dll's ...
Registered in 0.004039 seconds.
Begin MonoManager ReloadAssembly
Native extension for WindowsStandalone target not found
Native extension for WebGL target not found
Refreshing native plugins compatible for Editor in 0.48 ms, found 3 plugins.
Preloading 0 native plugins for Editor in 0.00 ms.
Mono: successfully reloaded assembly
- Completed reload, in  1.154 seconds
Platform modules already initialized, skipping
Refreshing native plugins compatible for Editor in 0.47 ms, found 3 plugins.
Preloading 0 native plugins for Editor in 0.00 ms.
Unloading 2079 Unused Serialized files (Serialized files now loaded: 0)
System memory in use before: 96.1 MB.
System memory in use after: 96.1 MB.

Unloading 21 unused Assets to reduce memory usage. Loaded Objects now: 2543.
Total: 2.309400 ms (FindLiveObjects: 0.219600 ms CreateObjectMapping: 0.081400 ms MarkObjects: 1.868500 ms  DeleteObjects: 0.138800 ms)

========================================================================
Received Prepare
Registering precompiled user dll's ...
Registered in 0.004290 seconds.
Begin MonoManager ReloadAssembly
Native extension for WindowsStandalone target not found
Native extension for WebGL target not found
Refreshing native plugins compatible for Editor in 0.52 ms, found 3 plugins.
Preloading 0 native plugins for Editor in 0.00 ms.
Mono: successfully reloaded assembly
- Completed reload, in  1.162 seconds
Platform modules already initialized, skipping
Refreshing native plugins compatible for Editor in 0.52 ms, found 3 plugins.
Preloading 0 native plugins for Editor in 0.00 ms.
Unloading 2079 Unused Serialized files (Serialized files now loaded: 0)
System memory in use before: 96.1 MB.
System memory in use after: 96.1 MB.

Unloading 21 unused Assets to reduce memory usage. Loaded Objects now: 2547.
Total: 2.823700 ms (FindLiveObjects: 0.266800 ms CreateObjectMapping: 0.163400 ms MarkObjects: 2.261100 ms  DeleteObjects: 0.131100 ms)

========================================================================
Received Prepare
Registering precompiled user dll's ...
Registered in 0.004250 seconds.
Begin MonoManager ReloadAssembly
Native extension for WindowsStandalone target not found
Native extension for WebGL target not found
Refreshing native plugins compatible for Editor in 0.50 ms, found 3 plugins.
Preloading 0 native plugins for Editor in 0.00 ms.
Mono: successfully reloaded assembly
- Completed reload, in  1.219 seconds
Platform modules already initialized, skipping
Refreshing native plugins compatible for Editor in 0.52 ms, found 3 plugins.
Preloading 0 native plugins for Editor in 0.00 ms.
Unloading 2079 Unused Serialized files (Serialized files now loaded: 0)
System memory in use before: 96.1 MB.
System memory in use after: 96.1 MB.

Unloading 21 unused Assets to reduce memory usage. Loaded Objects now: 2551.
Total: 2.673600 ms (FindLiveObjects: 0.188700 ms CreateObjectMapping: 0.084400 ms MarkObjects: 2.214900 ms  DeleteObjects: 0.166200 ms)

========================================================================
Received Prepare
Registering precompiled user dll's ...
Registered in 0.006148 seconds.
Begin MonoManager ReloadAssembly
Native extension for WindowsStandalone target not found
Native extension for WebGL target not found
Refreshing native plugins compatible for Editor in 0.48 ms, found 3 plugins.
Preloading 0 native plugins for Editor in 0.00 ms.
Mono: successfully reloaded assembly
- Completed reload, in  1.133 seconds
Platform modules already initialized, skipping
Refreshing native plugins compatible for Editor in 0.47 ms, found 3 plugins.
Preloading 0 native plugins for Editor in 0.00 ms.
Unloading 2079 Unused Serialized files (Serialized files now loaded: 0)
System memory in use before: 96.1 MB.
System memory in use after: 96.1 MB.

Unloading 21 unused Assets to reduce memory usage. Loaded Objects now: 2555.
Total: 2.511100 ms (FindLiveObjects: 0.178600 ms CreateObjectMapping: 0.080700 ms MarkObjects: 2.091000 ms  DeleteObjects: 0.159600 ms)

========================================================================
Received Import Request.
  Time since last request: 172.456416 seconds.
  path: Assets/Scripts/SpawnManager.cs
  artifactKey: Guid(01ccfefcde324e044955f688bf9137fe) Importer(815301076,1909f56bfc062723c751e8b465ee728b)
Start importing Assets/Scripts/SpawnManager.cs using Guid(01ccfefcde324e044955f688bf9137fe) Importer(815301076,1909f56bfc062723c751e8b465ee728b)  -> (artifact id: '810a89bf4f6854ca84087f43d7cc08ee') in 0.007572 seconds
  Import took 0.011640 seconds .

========================================================================
Received Import Request.
  Time since last request: 0.016123 seconds.
  path: Assets/Scripts/SpawnManager.cs
  artifactKey: Guid(01ccfefcde324e044955f688bf9137fe) Importer(815301076,1909f56bfc062723c751e8b465ee728b)
Start importing Assets/Scripts/SpawnManager.cs using Guid(01ccfefcde324e044955f688bf9137fe) Importer(815301076,1909f56bfc062723c751e8b465ee728b)  -> (artifact id: '810a89bf4f6854ca84087f43d7cc08ee') in 0.004169 seconds
  Import took 0.008122 seconds .

========================================================================
Received Prepare
Registering precompiled user dll's ...
Registered in 0.004211 seconds.
Begin MonoManager ReloadAssembly
Native extension for WindowsStandalone target not found
Native extension for WebGL target not found
Refreshing native plugins compatible for Editor in 0.51 ms, found 3 plugins.
Preloading 0 native plugins for Editor in 0.00 ms.
Mono: successfully reloaded assembly
- Completed reload, in  1.198 seconds
Platform modules already initialized, skipping
Refreshing native plugins compatible for Editor in 0.53 ms, found 3 plugins.
Preloading 0 native plugins for Editor in 0.00 ms.
Unloading 2079 Unused Serialized files (Serialized files now loaded: 0)
System memory in use before: 96.1 MB.
System memory in use after: 96.1 MB.

Unloading 21 unused Assets to reduce memory usage. Loaded Objects now: 2559.
Total: 2.307400 ms (FindLiveObjects: 0.181300 ms CreateObjectMapping: 0.082000 ms MarkObjects: 1.895000 ms  DeleteObjects: 0.148000 ms)

========================================================================
Received Import Request.
  Time since last request: 29.146960 seconds.
  path: Assets/Scripts/GameManager.cs
  artifactKey: Guid(b821ccc4eab27bb46990bb52ec3ade6d) Importer(815301076,1909f56bfc062723c751e8b465ee728b)
Start importing Assets/Scripts/GameManager.cs using Guid(b821ccc4eab27bb46990bb52ec3ade6d) Importer(815301076,1909f56bfc062723c751e8b465ee728b)  -> (artifact id: '1ecc08d5a03c88a0feffdbb99a659bce') in 0.010960 seconds
  Import took 0.015138 seconds .

========================================================================
Received Prepare
Registering precompiled user dll's ...
Registered in 0.004504 seconds.
Begin MonoManager ReloadAssembly
Native extension for WindowsStandalone target not found
Native extension for WebGL target not found
Refreshing native plugins compatible for Editor in 0.49 ms, found 3 plugins.
Preloading 0 native plugins for Editor in 0.00 ms.
Mono: successfully reloaded assembly
- Completed reload, in  1.168 seconds
Platform modules already initialized, skipping
Refreshing native plugins compatible for Editor in 0.51 ms, found 3 plugins.
Preloading 0 native plugins for Editor in 0.00 ms.
Unloading 2079 Unused Serialized files (Serialized files now loaded: 0)
System memory in use before: 96.1 MB.
System memory in use after: 96.1 MB.

Unloading 21 unused Assets to reduce memory usage. Loaded Objects now: 2563.
Total: 2.414000 ms (FindLiveObjects: 0.221100 ms CreateObjectMapping: 0.083400 ms MarkObjects: 1.968600 ms  DeleteObjects: 0.139300 ms)

========================================================================
Received Prepare
Registering precompiled user dll's ...
Registered in 0.004187 seconds.
Begin MonoManager ReloadAssembly
Native extension for WindowsStandalone target not found
Native extension for WebGL target not found
Refreshing native plugins compatible for Editor in 0.49 ms, found 3 plugins.
Preloading 0 native plugins for Editor in 0.00 ms.
Mono: successfully reloaded assembly
- Completed reload, in  1.167 seconds
Platform modules already initialized, skipping
Refreshing native plugins compatible for Editor in 0.50 ms, found 3 plugins.
Preloading 0 native plugins for Editor in 0.00 ms.
Unloading 2079 Unused Serialized files (Serialized files now loaded: 0)
System memory in use before: 96.1 MB.
System memory in use after: 96.1 MB.

Unloading 21 unused Assets to reduce memory usage. Loaded Objects now: 2567.
Total: 2.333400 ms (FindLiveObjects: 0.192100 ms CreateObjectMapping: 0.083600 ms MarkObjects: 1.929800 ms  DeleteObjects: 0.126500 ms)

========================================================================
Received Prepare
Registering precompiled user dll's ...
Registered in 0.004289 seconds.
Begin MonoManager ReloadAssembly
Native extension for WindowsStandalone target not found
Native extension for WebGL target not found
Refreshing native plugins compatible for Editor in 0.53 ms, found 3 plugins.
Preloading 0 native plugins for Editor in 0.00 ms.
Mono: successfully reloaded assembly
- Completed reload, in  1.169 seconds
Platform modules already initialized, skipping
Refreshing native plugins compatible for Editor in 0.50 ms, found 3 plugins.
Preloading 0 native plugins for Editor in 0.00 ms.
Unloading 2079 Unused Serialized files (Serialized files now loaded: 0)
System memory in use before: 96.1 MB.
System memory in use after: 96.1 MB.

Unloading 21 unused Assets to reduce memory usage. Loaded Objects now: 2571.
Total: 2.377800 ms (FindLiveObjects: 0.191400 ms CreateObjectMapping: 0.082700 ms MarkObjects: 1.971300 ms  DeleteObjects: 0.131300 ms)

========================================================================
Received Prepare
Registering precompiled user dll's ...
Registered in 0.004245 seconds.
Begin MonoManager ReloadAssembly
Native extension for WindowsStandalone target not found
Native extension for WebGL target not found
Refreshing native plugins compatible for Editor in 0.52 ms, found 3 plugins.
Preloading 0 native plugins for Editor in 0.00 ms.
Mono: successfully reloaded assembly
- Completed reload, in  1.171 seconds
Platform modules already initialized, skipping
Refreshing native plugins compatible for Editor in 0.52 ms, found 3 plugins.
Preloading 0 native plugins for Editor in 0.00 ms.
Unloading 2079 Unused Serialized files (Serialized files now loaded: 0)
System memory in use before: 96.1 MB.
System memory in use after: 96.1 MB.

Unloading 21 unused Assets to reduce memory usage. Loaded Objects now: 2575.
Total: 2.505300 ms (FindLiveObjects: 0.203700 ms CreateObjectMapping: 0.083000 ms MarkObjects: 2.087200 ms  DeleteObjects: 0.130000 ms)

========================================================================
Received Prepare
Registering precompiled user dll's ...
Registered in 0.004443 seconds.
Begin MonoManager ReloadAssembly
Native extension for WindowsStandalone target not found
Native extension for WebGL target not found
Refreshing native plugins compatible for Editor in 0.50 ms, found 3 plugins.
Preloading 0 native plugins for Editor in 0.00 ms.
Mono: successfully reloaded assembly
- Completed reload, in  1.174 seconds
Platform modules already initialized, skipping
Refreshing native plugins compatible for Editor in 0.50 ms, found 3 plugins.
Preloading 0 native plugins for Editor in 0.00 ms.
Unloading 2079 Unused Serialized files (Serialized files now loaded: 0)
System memory in use before: 96.2 MB.
System memory in use after: 96.1 MB.

Unloading 21 unused Assets to reduce memory usage. Loaded Objects now: 2579.
Total: 2.443600 ms (FindLiveObjects: 0.192500 ms CreateObjectMapping: 0.084000 ms MarkObjects: 2.040100 ms  DeleteObjects: 0.125900 ms)

========================================================================
Received Prepare
Registering precompiled user dll's ...
Registered in 0.004318 seconds.
Begin MonoManager ReloadAssembly
Native extension for WindowsStandalone target not found
Native extension for WebGL target not found
Refreshing native plugins compatible for Editor in 0.49 ms, found 3 plugins.
Preloading 0 native plugins for Editor in 0.00 ms.
Mono: successfully reloaded assembly
- Completed reload, in  1.106 seconds
Platform modules already initialized, skipping
Refreshing native plugins compatible for Editor in 0.47 ms, found 3 plugins.
Preloading 0 native plugins for Editor in 0.00 ms.
Unloading 2079 Unused Serialized files (Serialized files now loaded: 0)
System memory in use before: 96.2 MB.
System memory in use after: 96.1 MB.

Unloading 21 unused Assets to reduce memory usage. Loaded Objects now: 2583.
Total: 2.434900 ms (FindLiveObjects: 0.182900 ms CreateObjectMapping: 0.080200 ms MarkObjects: 2.030500 ms  DeleteObjects: 0.140200 ms)

========================================================================
Received Prepare
Registering precompiled user dll's ...
Registered in 0.004092 seconds.
Begin MonoManager ReloadAssembly
Native extension for WindowsStandalone target not found
Native extension for WebGL target not found
Refreshing native plugins compatible for Editor in 0.50 ms, found 3 plugins.
Preloading 0 native plugins for Editor in 0.00 ms.
Mono: successfully reloaded assembly
- Completed reload, in  1.139 seconds
Platform modules already initialized, skipping
Refreshing native plugins compatible for Editor in 0.49 ms, found 3 plugins.
Preloading 0 native plugins for Editor in 0.00 ms.
Unloading 2079 Unused Serialized files (Serialized files now loaded: 0)
System memory in use before: 96.2 MB.
System memory in use after: 96.2 MB.

Unloading 21 unused Assets to reduce memory usage. Loaded Objects now: 2587.
Total: 2.700200 ms (FindLiveObjects: 0.192400 ms CreateObjectMapping: 0.082900 ms MarkObjects: 2.174000 ms  DeleteObjects: 0.178200 ms)

========================================================================
Received Prepare
Registering precompiled user dll's ...
Registered in 0.005160 seconds.
Begin MonoManager ReloadAssembly
Native extension for WindowsStandalone target not found
Native extension for WebGL target not found
Refreshing native plugins compatible for Editor in 0.52 ms, found 3 plugins.
Preloading 0 native plugins for Editor in 0.00 ms.
Mono: successfully reloaded assembly
- Completed reload, in  1.262 seconds
Platform modules already initialized, skipping
Refreshing native plugins compatible for Editor in 0.56 ms, found 3 plugins.
Preloading 0 native plugins for Editor in 0.00 ms.
Unloading 2079 Unused Serialized files (Serialized files now loaded: 0)
System memory in use before: 96.2 MB.
System memory in use after: 96.2 MB.

Unloading 21 unused Assets to reduce memory usage. Loaded Objects now: 2591.
Total: 3.096000 ms (FindLiveObjects: 0.306800 ms CreateObjectMapping: 0.145000 ms MarkObjects: 2.461300 ms  DeleteObjects: 0.181700 ms)

========================================================================
Received Import Request.
  Time since last request: 211.266383 seconds.
  path: Assets/Prefabs/Block 1.prefab
  artifactKey: Guid(2c66287bc049c934cb8de2618dcf5dbd) Importer(815301076,1909f56bfc062723c751e8b465ee728b)
Start importing Assets/Prefabs/Block 1.prefab using Guid(2c66287bc049c934cb8de2618dcf5dbd) Importer(815301076,1909f56bfc062723c751e8b465ee728b)  -> (artifact id: '6db0a4ddbbe022c929c1ddf55191deac') in 0.086292 seconds
  Import took 0.091249 seconds .

========================================================================
Received Prepare
Registering precompiled user dll's ...
Registered in 0.004689 seconds.
Begin MonoManager ReloadAssembly
Native extension for WindowsStandalone target not found
Native extension for WebGL target not found
Refreshing native plugins compatible for Editor in 0.49 ms, found 3 plugins.
Preloading 0 native plugins for Editor in 0.00 ms.
Mono: successfully reloaded assembly
- Completed reload, in  1.188 seconds
Platform modules already initialized, skipping
Refreshing native plugins compatible for Editor in 0.47 ms, found 3 plugins.
Preloading 0 native plugins for Editor in 0.00 ms.
Unloading 2079 Unused Serialized files (Serialized files now loaded: 0)
System memory in use before: 96.2 MB.
System memory in use after: 96.2 MB.

Unloading 21 unused Assets to reduce memory usage. Loaded Objects now: 2596.
Total: 2.522300 ms (FindLiveObjects: 0.187400 ms CreateObjectMapping: 0.087400 ms MarkObjects: 2.104000 ms  DeleteObjects: 0.142300 ms)

========================================================================
Received Import Request.
  Time since last request: 21.383740 seconds.
  path: Assets/Prefabs/Block 2.prefab
  artifactKey: Guid(7d7086c0c9fead44a92ea9179b62092b) Importer(815301076,1909f56bfc062723c751e8b465ee728b)
Start importing Assets/Prefabs/Block 2.prefab using Guid(7d7086c0c9fead44a92ea9179b62092b) Importer(815301076,1909f56bfc062723c751e8b465ee728b)  -> (artifact id: '900588823e1bc4061d3fc3bb48282f41') in 0.060163 seconds
  Import took 0.064386 seconds .

========================================================================
Received Import Request.
  Time since last request: 0.000258 seconds.
  path: Assets/Prefabs/Block.prefab
  artifactKey: Guid(008d158628903844eb0a3d2aeb727130) Importer(815301076,1909f56bfc062723c751e8b465ee728b)
Start importing Assets/Prefabs/Block.prefab using Guid(008d158628903844eb0a3d2aeb727130) Importer(815301076,1909f56bfc062723c751e8b465ee728b)  -> (artifact id: 'c301a3301b348f1e74007bdae74a7040') in 0.010358 seconds
  Import took 0.013822 seconds .

========================================================================
Received Prepare
Registering precompiled user dll's ...
Registered in 0.004246 seconds.
Begin MonoManager ReloadAssembly
Native extension for WindowsStandalone target not found
Native extension for WebGL target not found
Refreshing native plugins compatible for Editor in 0.59 ms, found 3 plugins.
Preloading 0 native plugins for Editor in 0.00 ms.
Mono: successfully reloaded assembly
- Completed reload, in  1.165 seconds
Platform modules already initialized, skipping
Refreshing native plugins compatible for Editor in 0.49 ms, found 3 plugins.
Preloading 0 native plugins for Editor in 0.00 ms.
Unloading 2079 Unused Serialized files (Serialized files now loaded: 0)
System memory in use before: 96.2 MB.
System memory in use after: 96.2 MB.

Unloading 21 unused Assets to reduce memory usage. Loaded Objects now: 2601.
Total: 2.584700 ms (FindLiveObjects: 0.213000 ms CreateObjectMapping: 0.085100 ms MarkObjects: 2.155400 ms  DeleteObjects: 0.129700 ms)

========================================================================
Received Prepare
Registering precompiled user dll's ...
Registered in 0.006568 seconds.
Begin MonoManager ReloadAssembly
Native extension for WindowsStandalone target not found
Native extension for WebGL target not found
Refreshing native plugins compatible for Editor in 0.55 ms, found 3 plugins.
Preloading 0 native plugins for Editor in 0.00 ms.
Mono: successfully reloaded assembly
- Completed reload, in  1.326 seconds
Platform modules already initialized, skipping
Refreshing native plugins compatible for Editor in 0.49 ms, found 3 plugins.
Preloading 0 native plugins for Editor in 0.00 ms.
Unloading 2079 Unused Serialized files (Serialized files now loaded: 0)
System memory in use before: 96.2 MB.
System memory in use after: 96.2 MB.

Unloading 21 unused Assets to reduce memory usage. Loaded Objects now: 2605.
Total: 3.335500 ms (FindLiveObjects: 0.305600 ms CreateObjectMapping: 0.087400 ms MarkObjects: 2.584300 ms  DeleteObjects: 0.356300 ms)

========================================================================
Received Import Request.
  Time since last request: 63.844282 seconds.
  path: Assets/Prefabs/Block.prefab
  artifactKey: Guid(008d158628903844eb0a3d2aeb727130) Importer(815301076,1909f56bfc062723c751e8b465ee728b)
Start importing Assets/Prefabs/Block.prefab using Guid(008d158628903844eb0a3d2aeb727130) Importer(815301076,1909f56bfc062723c751e8b465ee728b)  -> (artifact id: '1bd7c5d89612ca5c9b26e993de53caa7') in 0.062533 seconds
  Import took 0.067038 seconds .

========================================================================
Received Import Request.
  Time since last request: 5.249462 seconds.
  path: Assets/Prefabs/Block 1.prefab
  artifactKey: Guid(2c66287bc049c934cb8de2618dcf5dbd) Importer(815301076,1909f56bfc062723c751e8b465ee728b)
Start importing Assets/Prefabs/Block 1.prefab using Guid(2c66287bc049c934cb8de2618dcf5dbd) Importer(815301076,1909f56bfc062723c751e8b465ee728b)  -> (artifact id: 'a7d11608048fb1facb736da954f1ccdb') in 0.014594 seconds
  Import took 0.019266 seconds .

========================================================================
Received Import Request.
  Time since last request: 0.000222 seconds.
  path: Assets/Prefabs/Block 2.prefab
  artifactKey: Guid(7d7086c0c9fead44a92ea9179b62092b) Importer(815301076,1909f56bfc062723c751e8b465ee728b)
Start importing Assets/Prefabs/Block 2.prefab using Guid(7d7086c0c9fead44a92ea9179b62092b) Importer(815301076,1909f56bfc062723c751e8b465ee728b)  -> (artifact id: '1aff7fd280e2c6ca8a0bc00d10bf36d2') in 0.011973 seconds
  Import took 0.015730 seconds .

========================================================================
Received Prepare
Registering precompiled user dll's ...
Registered in 0.004392 seconds.
Begin MonoManager ReloadAssembly
Native extension for WindowsStandalone target not found
Native extension for WebGL target not found
Refreshing native plugins compatible for Editor in 0.47 ms, found 3 plugins.
Preloading 0 native plugins for Editor in 0.00 ms.
Mono: successfully reloaded assembly
- Completed reload, in  1.309 seconds
Platform modules already initialized, skipping
Refreshing native plugins compatible for Editor in 0.50 ms, found 3 plugins.
Preloading 0 native plugins for Editor in 0.00 ms.
Unloading 2079 Unused Serialized files (Serialized files now loaded: 0)
System memory in use before: 96.3 MB.
System memory in use after: 96.2 MB.

Unloading 21 unused Assets to reduce memory usage. Loaded Objects now: 2610.
Total: 3.000600 ms (FindLiveObjects: 0.192500 ms CreateObjectMapping: 0.082000 ms MarkObjects: 2.595000 ms  DeleteObjects: 0.129800 ms)

========================================================================
Received Prepare
Registering precompiled user dll's ...
Registered in 0.004236 seconds.
Begin MonoManager ReloadAssembly
Native extension for WindowsStandalone target not found
Native extension for WebGL target not found
Refreshing native plugins compatible for Editor in 0.53 ms, found 3 plugins.
Preloading 0 native plugins for Editor in 0.00 ms.
Mono: successfully reloaded assembly
- Completed reload, in  1.151 seconds
Platform modules already initialized, skipping
Refreshing native plugins compatible for Editor in 0.48 ms, found 3 plugins.
Preloading 0 native plugins for Editor in 0.00 ms.
Unloading 2079 Unused Serialized files (Serialized files now loaded: 0)
System memory in use before: 96.3 MB.
System memory in use after: 96.3 MB.

Unloading 21 unused Assets to reduce memory usage. Loaded Objects now: 2614.
Total: 2.427500 ms (FindLiveObjects: 0.187300 ms CreateObjectMapping: 0.083000 ms MarkObjects: 2.004600 ms  DeleteObjects: 0.151500 ms)

========================================================================
Received Import Request.
  Time since last request: 53.122429 seconds.
  path: Assets/Scripts/PlayerController.cs
  artifactKey: Guid(bdc5a10b4a684854ebcea16a069d9b5f) Importer(815301076,1909f56bfc062723c751e8b465ee728b)
Start importing Assets/Scripts/PlayerController.cs using Guid(bdc5a10b4a684854ebcea16a069d9b5f) Importer(815301076,1909f56bfc062723c751e8b465ee728b)  -> (artifact id: 'a240f5868b8e977d864c94734485811c') in 0.009950 seconds
  Import took 0.013692 seconds .

========================================================================
Received Import Request.
  Time since last request: 0.014069 seconds.
  path: Assets/Scripts/PlayerController.cs
  artifactKey: Guid(bdc5a10b4a684854ebcea16a069d9b5f) Importer(815301076,1909f56bfc062723c751e8b465ee728b)
Start importing Assets/Scripts/PlayerController.cs using Guid(bdc5a10b4a684854ebcea16a069d9b5f) Importer(815301076,1909f56bfc062723c751e8b465ee728b)  -> (artifact id: 'a240f5868b8e977d864c94734485811c') in 0.004031 seconds
  Import took 0.007868 seconds .

========================================================================
Received Prepare
Registering precompiled user dll's ...
Registered in 0.004276 seconds.
Begin MonoManager ReloadAssembly
Native extension for WindowsStandalone target not found
Native extension for WebGL target not found
Refreshing native plugins compatible for Editor in 0.47 ms, found 3 plugins.
Preloading 0 native plugins for Editor in 0.00 ms.
Mono: successfully reloaded assembly
- Completed reload, in  1.200 seconds
Platform modules already initialized, skipping
Refreshing native plugins compatible for Editor in 0.48 ms, found 3 plugins.
Preloading 0 native plugins for Editor in 0.00 ms.
Unloading 2079 Unused Serialized files (Serialized files now loaded: 0)
System memory in use before: 96.3 MB.
System memory in use after: 96.3 MB.

Unloading 21 unused Assets to reduce memory usage. Loaded Objects now: 2618.
Total: 2.574600 ms (FindLiveObjects: 0.190400 ms CreateObjectMapping: 0.080900 ms MarkObjects: 2.151900 ms  DeleteObjects: 0.150200 ms)

========================================================================
Received Prepare
Registering precompiled user dll's ...
Registered in 0.004318 seconds.
Begin MonoManager ReloadAssembly
Native extension for WindowsStandalone target not found
Native extension for WebGL target not found
Refreshing native plugins compatible for Editor in 0.50 ms, found 3 plugins.
Preloading 0 native plugins for Editor in 0.00 ms.
Mono: successfully reloaded assembly
- Completed reload, in  1.170 seconds
Platform modules already initialized, skipping
Refreshing native plugins compatible for Editor in 0.50 ms, found 3 plugins.
Preloading 0 native plugins for Editor in 0.00 ms.
Unloading 2079 Unused Serialized files (Serialized files now loaded: 0)
System memory in use before: 96.3 MB.
System memory in use after: 96.3 MB.

Unloading 21 unused Assets to reduce memory usage. Loaded Objects now: 2622.
Total: 2.815200 ms (FindLiveObjects: 0.257800 ms CreateObjectMapping: 0.160400 ms MarkObjects: 2.261000 ms  DeleteObjects: 0.134900 ms)

========================================================================
Received Prepare
Registering precompiled user dll's ...
Registered in 0.004543 seconds.
Begin MonoManager ReloadAssembly
Native extension for WindowsStandalone target not found
Native extension for WebGL target not found
Refreshing native plugins compatible for Editor in 0.50 ms, found 3 plugins.
Preloading 0 native plugins for Editor in 0.00 ms.
Mono: successfully reloaded assembly
- Completed reload, in  1.165 seconds
Platform modules already initialized, skipping
Refreshing native plugins compatible for Editor in 0.52 ms, found 3 plugins.
Preloading 0 native plugins for Editor in 0.00 ms.
Unloading 2079 Unused Serialized files (Serialized files now loaded: 0)
System memory in use before: 96.3 MB.
System memory in use after: 96.3 MB.

Unloading 21 unused Assets to reduce memory usage. Loaded Objects now: 2626.
Total: 2.497000 ms (FindLiveObjects: 0.202500 ms CreateObjectMapping: 0.083400 ms MarkObjects: 2.069700 ms  DeleteObjects: 0.140300 ms)

========================================================================
Received Prepare
Registering precompiled user dll's ...
Registered in 0.004964 seconds.
Begin MonoManager ReloadAssembly
Native extension for WindowsStandalone target not found
Native extension for WebGL target not found
Refreshing native plugins compatible for Editor in 0.47 ms, found 3 plugins.
Preloading 0 native plugins for Editor in 0.00 ms.
Mono: successfully reloaded assembly
- Completed reload, in  1.157 seconds
Platform modules already initialized, skipping
Refreshing native plugins compatible for Editor in 0.49 ms, found 3 plugins.
Preloading 0 native plugins for Editor in 0.00 ms.
Unloading 2079 Unused Serialized files (Serialized files now loaded: 0)
System memory in use before: 96.3 MB.
System memory in use after: 96.3 MB.

Unloading 21 unused Assets to reduce memory usage. Loaded Objects now: 2630.
Total: 2.630800 ms (FindLiveObjects: 0.199600 ms CreateObjectMapping: 0.082000 ms MarkObjects: 2.197200 ms  DeleteObjects: 0.150800 ms)

========================================================================
Received Prepare
Registering precompiled user dll's ...
Registered in 0.004417 seconds.
Begin MonoManager ReloadAssembly
Native extension for WindowsStandalone target not found
Native extension for WebGL target not found
Refreshing native plugins compatible for Editor in 0.70 ms, found 3 plugins.
Preloading 0 native plugins for Editor in 0.00 ms.
Mono: successfully reloaded assembly
- Completed reload, in  1.360 seconds
Platform modules already initialized, skipping
Refreshing native plugins compatible for Editor in 0.48 ms, found 3 plugins.
Preloading 0 native plugins for Editor in 0.00 ms.
Unloading 2079 Unused Serialized files (Serialized files now loaded: 0)
System memory in use before: 96.3 MB.
System memory in use after: 96.3 MB.

Unloading 21 unused Assets to reduce memory usage. Loaded Objects now: 2634.
Total: 3.686400 ms (FindLiveObjects: 0.189900 ms CreateObjectMapping: 0.089600 ms MarkObjects: 3.247500 ms  DeleteObjects: 0.158000 ms)

========================================================================
Received Prepare
Registering precompiled user dll's ...
Registered in 0.004530 seconds.
Begin MonoManager ReloadAssembly
Native extension for WindowsStandalone target not found
Native extension for WebGL target not found
Refreshing native plugins compatible for Editor in 0.54 ms, found 3 plugins.
Preloading 0 native plugins for Editor in 0.00 ms.
Mono: successfully reloaded assembly
- Completed reload, in  1.170 seconds
Platform modules already initialized, skipping
Refreshing native plugins compatible for Editor in 0.48 ms, found 3 plugins.
Preloading 0 native plugins for Editor in 0.00 ms.
Unloading 2079 Unused Serialized files (Serialized files now loaded: 0)
System memory in use before: 96.3 MB.
System memory in use after: 96.3 MB.

Unloading 21 unused Assets to reduce memory usage. Loaded Objects now: 2638.
Total: 2.535300 ms (FindLiveObjects: 0.250800 ms CreateObjectMapping: 0.151800 ms MarkObjects: 1.988700 ms  DeleteObjects: 0.142400 ms)

========================================================================
Received Prepare
Registering precompiled user dll's ...
Registered in 0.004432 seconds.
Begin MonoManager ReloadAssembly
Native extension for WindowsStandalone target not found
Native extension for WebGL target not found
Refreshing native plugins compatible for Editor in 0.47 ms, found 3 plugins.
Preloading 0 native plugins for Editor in 0.00 ms.
Mono: successfully reloaded assembly
- Completed reload, in  1.171 seconds
Platform modules already initialized, skipping
Refreshing native plugins compatible for Editor in 0.63 ms, found 3 plugins.
Preloading 0 native plugins for Editor in 0.00 ms.
Unloading 2079 Unused Serialized files (Serialized files now loaded: 0)
System memory in use before: 96.3 MB.
System memory in use after: 96.3 MB.

Unloading 21 unused Assets to reduce memory usage. Loaded Objects now: 2642.
Total: 3.173300 ms (FindLiveObjects: 0.344100 ms CreateObjectMapping: 0.122100 ms MarkObjects: 2.522700 ms  DeleteObjects: 0.183400 ms)

========================================================================
Received Import Request.
  Time since last request: 411.751766 seconds.
  path: Assets/Prefabs/Block 1.prefab
  artifactKey: Guid(2c66287bc049c934cb8de2618dcf5dbd) Importer(815301076,1909f56bfc062723c751e8b465ee728b)
Start importing Assets/Prefabs/Block 1.prefab using Guid(2c66287bc049c934cb8de2618dcf5dbd) Importer(815301076,1909f56bfc062723c751e8b465ee728b)  -> (artifact id: 'e8677622d3354718811d0013c9ad4f6c') in 0.070659 seconds
  Import took 0.075653 seconds .

========================================================================
Received Import Request.
  Time since last request: 7.514142 seconds.
  path: Assets/Prefabs/Block 2.prefab
  artifactKey: Guid(7d7086c0c9fead44a92ea9179b62092b) Importer(815301076,1909f56bfc062723c751e8b465ee728b)
Start importing Assets/Prefabs/Block 2.prefab using Guid(7d7086c0c9fead44a92ea9179b62092b) Importer(815301076,1909f56bfc062723c751e8b465ee728b)  -> (artifact id: 'af5eb5a4576fbf0b426b300f3197bc4c') in 0.010676 seconds
  Import took 0.014627 seconds .

========================================================================
Received Prepare
Registering precompiled user dll's ...
Registered in 0.004439 seconds.
Begin MonoManager ReloadAssembly
Native extension for WindowsStandalone target not found
Native extension for WebGL target not found
Refreshing native plugins compatible for Editor in 0.69 ms, found 3 plugins.
Preloading 0 native plugins for Editor in 0.00 ms.
Mono: successfully reloaded assembly
- Completed reload, in  1.299 seconds
Platform modules already initialized, skipping
Refreshing native plugins compatible for Editor in 0.49 ms, found 3 plugins.
Preloading 0 native plugins for Editor in 0.00 ms.
Unloading 2079 Unused Serialized files (Serialized files now loaded: 0)
System memory in use before: 96.3 MB.
System memory in use after: 96.3 MB.

Unloading 21 unused Assets to reduce memory usage. Loaded Objects now: 2647.
Total: 3.030200 ms (FindLiveObjects: 0.330800 ms CreateObjectMapping: 0.155700 ms MarkObjects: 2.415800 ms  DeleteObjects: 0.126700 ms)

========================================================================
Received Import Request.
  Time since last request: 22.806753 seconds.
  path: Assets/Prefabs/Block.prefab
  artifactKey: Guid(008d158628903844eb0a3d2aeb727130) Importer(815301076,1909f56bfc062723c751e8b465ee728b)
Start importing Assets/Prefabs/Block.prefab using Guid(008d158628903844eb0a3d2aeb727130) Importer(815301076,1909f56bfc062723c751e8b465ee728b)  -> (artifact id: '1354d6341fbe0d9951f6dc096259abcc') in 0.070596 seconds
  Import took 0.075053 seconds .

========================================================================
Received Prepare
Registering precompiled user dll's ...
Registered in 0.004318 seconds.
Begin MonoManager ReloadAssembly
Native extension for WindowsStandalone target not found
Native extension for WebGL target not found
Refreshing native plugins compatible for Editor in 0.56 ms, found 3 plugins.
Preloading 0 native plugins for Editor in 0.00 ms.
Mono: successfully reloaded assembly
- Completed reload, in  1.176 seconds
Platform modules already initialized, skipping
Refreshing native plugins compatible for Editor in 0.50 ms, found 3 plugins.
Preloading 0 native plugins for Editor in 0.00 ms.
Unloading 2079 Unused Serialized files (Serialized files now loaded: 0)
System memory in use before: 96.3 MB.
System memory in use after: 96.3 MB.

Unloading 21 unused Assets to reduce memory usage. Loaded Objects now: 2652.
Total: 2.693700 ms (FindLiveObjects: 0.204200 ms CreateObjectMapping: 0.083600 ms MarkObjects: 2.263600 ms  DeleteObjects: 0.140500 ms)

========================================================================
Received Prepare
Registering precompiled user dll's ...
Registered in 0.004383 seconds.
Begin MonoManager ReloadAssembly
Native extension for WindowsStandalone target not found
Native extension for WebGL target not found
Refreshing native plugins compatible for Editor in 0.49 ms, found 3 plugins.
Preloading 0 native plugins for Editor in 0.00 ms.
Mono: successfully reloaded assembly
- Completed reload, in  1.147 seconds
Platform modules already initialized, skipping
Refreshing native plugins compatible for Editor in 0.51 ms, found 3 plugins.
Preloading 0 native plugins for Editor in 0.00 ms.
Unloading 2079 Unused Serialized files (Serialized files now loaded: 0)
System memory in use before: 96.3 MB.
System memory in use after: 96.3 MB.

Unloading 21 unused Assets to reduce memory usage. Loaded Objects now: 2656.
Total: 2.619500 ms (FindLiveObjects: 0.205100 ms CreateObjectMapping: 0.083600 ms MarkObjects: 2.197700 ms  DeleteObjects: 0.131700 ms)

========================================================================
Received Prepare
Registering precompiled user dll's ...
Registered in 0.004882 seconds.
Begin MonoManager ReloadAssembly
Native extension for WindowsStandalone target not found
Native extension for WebGL target not found
Refreshing native plugins compatible for Editor in 0.49 ms, found 3 plugins.
Preloading 0 native plugins for Editor in 0.00 ms.
Mono: successfully reloaded assembly
- Completed reload, in  1.256 seconds
Platform modules already initialized, skipping
Refreshing native plugins compatible for Editor in 0.48 ms, found 3 plugins.
Preloading 0 native plugins for Editor in 0.00 ms.
Unloading 2079 Unused Serialized files (Serialized files now loaded: 0)
System memory in use before: 96.3 MB.
System memory in use after: 96.3 MB.

Unloading 21 unused Assets to reduce memory usage. Loaded Objects now: 2660.
Total: 2.591700 ms (FindLiveObjects: 0.195700 ms CreateObjectMapping: 0.084900 ms MarkObjects: 2.140300 ms  DeleteObjects: 0.169800 ms)

========================================================================
Received Prepare
Registering precompiled user dll's ...
Registered in 0.004360 seconds.
Begin MonoManager ReloadAssembly
Native extension for WindowsStandalone target not found
Native extension for WebGL target not found
Refreshing native plugins compatible for Editor in 0.52 ms, found 3 plugins.
Preloading 0 native plugins for Editor in 0.00 ms.
Mono: successfully reloaded assembly
- Completed reload, in  1.178 seconds
Platform modules already initialized, skipping
Refreshing native plugins compatible for Editor in 0.51 ms, found 3 plugins.
Preloading 0 native plugins for Editor in 0.00 ms.
Unloading 2079 Unused Serialized files (Serialized files now loaded: 0)
System memory in use before: 96.4 MB.
System memory in use after: 96.3 MB.

Unloading 21 unused Assets to reduce memory usage. Loaded Objects now: 2664.
Total: 3.004800 ms (FindLiveObjects: 0.267100 ms CreateObjectMapping: 0.165000 ms MarkObjects: 2.438600 ms  DeleteObjects: 0.132900 ms)

========================================================================
Received Prepare
Registering precompiled user dll's ...
Registered in 0.005098 seconds.
Begin MonoManager ReloadAssembly
Native extension for WindowsStandalone target not found
Native extension for WebGL target not found
Refreshing native plugins compatible for Editor in 0.51 ms, found 3 plugins.
Preloading 0 native plugins for Editor in 0.00 ms.
Mono: successfully reloaded assembly
- Completed reload, in  1.134 seconds
Platform modules already initialized, skipping
Refreshing native plugins compatible for Editor in 0.49 ms, found 3 plugins.
Preloading 0 native plugins for Editor in 0.00 ms.
Unloading 2079 Unused Serialized files (Serialized files now loaded: 0)
System memory in use before: 96.4 MB.
System memory in use after: 96.4 MB.

Unloading 21 unused Assets to reduce memory usage. Loaded Objects now: 2668.
Total: 2.556400 ms (FindLiveObjects: 0.195500 ms CreateObjectMapping: 0.081700 ms MarkObjects: 2.126600 ms  DeleteObjects: 0.151400 ms)

========================================================================
Received Import Request.
  Time since last request: 226.024143 seconds.
  path: Assets/Prefabs/Block 1.prefab
  artifactKey: Guid(2c66287bc049c934cb8de2618dcf5dbd) Importer(815301076,1909f56bfc062723c751e8b465ee728b)
Start importing Assets/Prefabs/Block 1.prefab using Guid(2c66287bc049c934cb8de2618dcf5dbd) Importer(815301076,1909f56bfc062723c751e8b465ee728b)  -> (artifact id: 'c57aeb28f68ca6a5c6c818a4cab2b9c1') in 0.063707 seconds
  Import took 0.067429 seconds .

========================================================================
Received Import Request.
  Time since last request: 3.915971 seconds.
  path: Assets/Prefabs/Block 2.prefab
  artifactKey: Guid(7d7086c0c9fead44a92ea9179b62092b) Importer(815301076,1909f56bfc062723c751e8b465ee728b)
Start importing Assets/Prefabs/Block 2.prefab using Guid(7d7086c0c9fead44a92ea9179b62092b) Importer(815301076,1909f56bfc062723c751e8b465ee728b)  -> (artifact id: 'e341f99b2d5862bdb3829ccde168322c') in 0.014275 seconds
  Import took 0.018215 seconds .

========================================================================
Received Import Request.
  Time since last request: 0.013604 seconds.
  path: Assets/Prefabs/Block 2.prefab
  artifactKey: Guid(7d7086c0c9fead44a92ea9179b62092b) Importer(815301076,1909f56bfc062723c751e8b465ee728b)
Start importing Assets/Prefabs/Block 2.prefab using Guid(7d7086c0c9fead44a92ea9179b62092b) Importer(815301076,1909f56bfc062723c751e8b465ee728b)  -> (artifact id: 'e341f99b2d5862bdb3829ccde168322c') in 0.012723 seconds
  Import took 0.017100 seconds .

========================================================================
Received Import Request.
  Time since last request: 2.073747 seconds.
  path: Assets/Prefabs/Block.prefab
  artifactKey: Guid(008d158628903844eb0a3d2aeb727130) Importer(815301076,1909f56bfc062723c751e8b465ee728b)
Start importing Assets/Prefabs/Block.prefab using Guid(008d158628903844eb0a3d2aeb727130) Importer(815301076,1909f56bfc062723c751e8b465ee728b)  -> (artifact id: 'eb8d764b9e4bb20521d1ef38d2169af2') in 0.011355 seconds
  Import took 0.015473 seconds .

========================================================================
Received Prepare
Registering precompiled user dll's ...
Registered in 0.004446 seconds.
Begin MonoManager ReloadAssembly
Native extension for WindowsStandalone target not found
Native extension for WebGL target not found
Refreshing native plugins compatible for Editor in 0.55 ms, found 3 plugins.
Preloading 0 native plugins for Editor in 0.00 ms.
Mono: successfully reloaded assembly
- Completed reload, in  1.247 seconds
Platform modules already initialized, skipping
Refreshing native plugins compatible for Editor in 0.51 ms, found 3 plugins.
Preloading 0 native plugins for Editor in 0.00 ms.
Unloading 2079 Unused Serialized files (Serialized files now loaded: 0)
System memory in use before: 96.4 MB.
System memory in use after: 96.4 MB.

Unloading 21 unused Assets to reduce memory usage. Loaded Objects now: 2673.
Total: 2.442200 ms (FindLiveObjects: 0.192600 ms CreateObjectMapping: 0.084600 ms MarkObjects: 2.020900 ms  DeleteObjects: 0.143100 ms)

========================================================================
Received Prepare
Registering precompiled user dll's ...
Registered in 0.004578 seconds.
Begin MonoManager ReloadAssembly
Native extension for WindowsStandalone target not found
Native extension for WebGL target not found
Refreshing native plugins compatible for Editor in 0.51 ms, found 3 plugins.
Preloading 0 native plugins for Editor in 0.00 ms.
Mono: successfully reloaded assembly
- Completed reload, in  1.152 seconds
Platform modules already initialized, skipping
Refreshing native plugins compatible for Editor in 0.50 ms, found 3 plugins.
Preloading 0 native plugins for Editor in 0.00 ms.
Unloading 2079 Unused Serialized files (Serialized files now loaded: 0)
System memory in use before: 96.4 MB.
System memory in use after: 96.4 MB.

Unloading 21 unused Assets to reduce memory usage. Loaded Objects now: 2677.
Total: 2.526900 ms (FindLiveObjects: 0.202800 ms CreateObjectMapping: 0.089900 ms MarkObjects: 2.082900 ms  DeleteObjects: 0.150000 ms)

========================================================================
Received Prepare
Registering precompiled user dll's ...
Registered in 0.005094 seconds.
Begin MonoManager ReloadAssembly
Native extension for WindowsStandalone target not found
Native extension for WebGL target not found
Refreshing native plugins compatible for Editor in 0.51 ms, found 3 plugins.
Preloading 0 native plugins for Editor in 0.00 ms.
Mono: successfully reloaded assembly
- Completed reload, in  1.400 seconds
Platform modules already initialized, skipping
Refreshing native plugins compatible for Editor in 0.57 ms, found 3 plugins.
Preloading 0 native plugins for Editor in 0.00 ms.
Unloading 2079 Unused Serialized files (Serialized files now loaded: 0)
System memory in use before: 96.4 MB.
System memory in use after: 96.4 MB.

Unloading 21 unused Assets to reduce memory usage. Loaded Objects now: 2681.
Total: 3.930500 ms (FindLiveObjects: 0.259200 ms CreateObjectMapping: 0.097700 ms MarkObjects: 3.351200 ms  DeleteObjects: 0.220600 ms)

========================================================================
Received Prepare
Registering precompiled user dll's ...
Registered in 0.004405 seconds.
Begin MonoManager ReloadAssembly
Native extension for WindowsStandalone target not found
Native extension for WebGL target not found
Refreshing native plugins compatible for Editor in 0.52 ms, found 3 plugins.
Preloading 0 native plugins for Editor in 0.00 ms.
Mono: successfully reloaded assembly
- Completed reload, in  1.168 seconds
Platform modules already initialized, skipping
Refreshing native plugins compatible for Editor in 0.53 ms, found 3 plugins.
Preloading 0 native plugins for Editor in 0.00 ms.
Unloading 2079 Unused Serialized files (Serialized files now loaded: 0)
System memory in use before: 96.4 MB.
System memory in use after: 96.4 MB.

Unloading 21 unused Assets to reduce memory usage. Loaded Objects now: 2685.
Total: 3.160300 ms (FindLiveObjects: 0.286800 ms CreateObjectMapping: 0.164500 ms MarkObjects: 2.565400 ms  DeleteObjects: 0.142200 ms)

========================================================================
Received Prepare
Registering precompiled user dll's ...
Registered in 0.004209 seconds.
Begin MonoManager ReloadAssembly
Native extension for WindowsStandalone target not found
Native extension for WebGL target not found
Refreshing native plugins compatible for Editor in 0.53 ms, found 3 plugins.
Preloading 0 native plugins for Editor in 0.00 ms.
Mono: successfully reloaded assembly
- Completed reload, in  1.227 seconds
Platform modules already initialized, skipping
Refreshing native plugins compatible for Editor in 0.53 ms, found 3 plugins.
Preloading 0 native plugins for Editor in 0.00 ms.
Unloading 2079 Unused Serialized files (Serialized files now loaded: 0)
System memory in use before: 96.4 MB.
System memory in use after: 96.4 MB.

Unloading 21 unused Assets to reduce memory usage. Loaded Objects now: 2689.
Total: 2.603100 ms (FindLiveObjects: 0.194000 ms CreateObjectMapping: 0.081100 ms MarkObjects: 2.176100 ms  DeleteObjects: 0.150800 ms)

========================================================================
Received Prepare
Registering precompiled user dll's ...
Registered in 0.004372 seconds.
Begin MonoManager ReloadAssembly
Native extension for WindowsStandalone target not found
Native extension for WebGL target not found
Refreshing native plugins compatible for Editor in 0.54 ms, found 3 plugins.
Preloading 0 native plugins for Editor in 0.00 ms.
Mono: successfully reloaded assembly
- Completed reload, in  1.300 seconds
Platform modules already initialized, skipping
Refreshing native plugins compatible for Editor in 0.48 ms, found 3 plugins.
Preloading 0 native plugins for Editor in 0.00 ms.
Unloading 2079 Unused Serialized files (Serialized files now loaded: 0)
System memory in use before: 96.4 MB.
System memory in use after: 96.4 MB.

Unloading 21 unused Assets to reduce memory usage. Loaded Objects now: 2693.
Total: 4.095300 ms (FindLiveObjects: 0.244000 ms CreateObjectMapping: 0.149400 ms MarkObjects: 3.431000 ms  DeleteObjects: 0.269700 ms)

========================================================================
Received Import Request.
  Time since last request: 361.455044 seconds.
  path: ProjectSettings/TagManager.asset
  artifactKey: Guid(00000000000000003000000000000000) Importer(815301076,1909f56bfc062723c751e8b465ee728b)
Start importing ProjectSettings/TagManager.asset using Guid(00000000000000003000000000000000) Importer(815301076,1909f56bfc062723c751e8b465ee728b)  -> (artifact id: '95df672b4aaba54310d34c83eef51bb8') in 0.025979 seconds
  Import took 0.029961 seconds .

========================================================================
Received Prepare
Registering precompiled user dll's ...
Registered in 0.005910 seconds.
Begin MonoManager ReloadAssembly
Native extension for WindowsStandalone target not found
Native extension for WebGL target not found
Refreshing native plugins compatible for Editor in 0.48 ms, found 3 plugins.
Preloading 0 native plugins for Editor in 0.00 ms.
Mono: successfully reloaded assembly
- Completed reload, in  1.161 seconds
Platform modules already initialized, skipping
Refreshing native plugins compatible for Editor in 0.58 ms, found 3 plugins.
Preloading 0 native plugins for Editor in 0.00 ms.
Unloading 2079 Unused Serialized files (Serialized files now loaded: 0)
System memory in use before: 96.4 MB.
System memory in use after: 96.4 MB.

Unloading 22 unused Assets to reduce memory usage. Loaded Objects now: 2697.
Total: 2.386100 ms (FindLiveObjects: 0.260800 ms CreateObjectMapping: 0.083400 ms MarkObjects: 1.901000 ms  DeleteObjects: 0.139600 ms)

========================================================================
Received Prepare
Registering precompiled user dll's ...
Registered in 0.004207 seconds.
Begin MonoManager ReloadAssembly
Native extension for WindowsStandalone target not found
Native extension for WebGL target not found
Refreshing native plugins compatible for Editor in 0.49 ms, found 3 plugins.
Preloading 0 native plugins for Editor in 0.00 ms.
Mono: successfully reloaded assembly
- Completed reload, in  1.156 seconds
Platform modules already initialized, skipping
Refreshing native plugins compatible for Editor in 0.51 ms, found 3 plugins.
Preloading 0 native plugins for Editor in 0.00 ms.
Unloading 2079 Unused Serialized files (Serialized files now loaded: 0)
System memory in use before: 96.4 MB.
System memory in use after: 96.4 MB.

Unloading 21 unused Assets to reduce memory usage. Loaded Objects now: 2701.
Total: 2.872000 ms (FindLiveObjects: 0.270800 ms CreateObjectMapping: 0.162200 ms MarkObjects: 2.302300 ms  DeleteObjects: 0.135400 ms)

========================================================================
Received Prepare
Registering precompiled user dll's ...
Registered in 0.005803 seconds.
Begin MonoManager ReloadAssembly
Native extension for WindowsStandalone target not found
Native extension for WebGL target not found
Refreshing native plugins compatible for Editor in 0.51 ms, found 3 plugins.
Preloading 0 native plugins for Editor in 0.00 ms.
Mono: successfully reloaded assembly
- Completed reload, in  1.388 seconds
Platform modules already initialized, skipping
Refreshing native plugins compatible for Editor in 0.51 ms, found 3 plugins.
Preloading 0 native plugins for Editor in 0.00 ms.
Unloading 2079 Unused Serialized files (Serialized files now loaded: 0)
System memory in use before: 96.4 MB.
System memory in use after: 96.4 MB.

Unloading 21 unused Assets to reduce memory usage. Loaded Objects now: 2705.
Total: 2.960900 ms (FindLiveObjects: 0.231100 ms CreateObjectMapping: 0.126800 ms MarkObjects: 2.443300 ms  DeleteObjects: 0.158100 ms)

========================================================================
Received Import Request.
  Time since last request: 221.233911 seconds.
  path: Assets/Prefabs/Block 1.prefab
  artifactKey: Guid(2c66287bc049c934cb8de2618dcf5dbd) Importer(815301076,1909f56bfc062723c751e8b465ee728b)
Start importing Assets/Prefabs/Block 1.prefab using Guid(2c66287bc049c934cb8de2618dcf5dbd) Importer(815301076,1909f56bfc062723c751e8b465ee728b)  -> (artifact id: 'a3ca73318539f0d48e80cd973f74cc74') in 0.068656 seconds
  Import took 0.073804 seconds .

========================================================================
Received Import Request.
  Time since last request: 14.174669 seconds.
  path: Assets/Prefabs/Block 2.prefab
  artifactKey: Guid(7d7086c0c9fead44a92ea9179b62092b) Importer(815301076,1909f56bfc062723c751e8b465ee728b)
Start importing Assets/Prefabs/Block 2.prefab using Guid(7d7086c0c9fead44a92ea9179b62092b) Importer(815301076,1909f56bfc062723c751e8b465ee728b)  -> (artifact id: 'd5eb764559c20954d1fe2880f3f42d8f') in 0.016429 seconds
  Import took 0.020850 seconds .

========================================================================
Received Import Request.
  Time since last request: 5.787585 seconds.
  path: Assets/Prefabs/Block.prefab
  artifactKey: Guid(008d158628903844eb0a3d2aeb727130) Importer(815301076,1909f56bfc062723c751e8b465ee728b)
Start importing Assets/Prefabs/Block.prefab using Guid(008d158628903844eb0a3d2aeb727130) Importer(815301076,1909f56bfc062723c751e8b465ee728b)  -> (artifact id: '48b065e2ae4b98277b83c4ca709375ac') in 0.011513 seconds
  Import took 0.015540 seconds .

========================================================================
Received Prepare
Registering precompiled user dll's ...
Registered in 0.004164 seconds.
Begin MonoManager ReloadAssembly
Native extension for WindowsStandalone target not found
Native extension for WebGL target not found
Refreshing native plugins compatible for Editor in 0.48 ms, found 3 plugins.
Preloading 0 native plugins for Editor in 0.00 ms.
Mono: successfully reloaded assembly
- Completed reload, in  1.169 seconds
Platform modules already initialized, skipping
Refreshing native plugins compatible for Editor in 0.59 ms, found 3 plugins.
Preloading 0 native plugins for Editor in 0.00 ms.
Unloading 2079 Unused Serialized files (Serialized files now loaded: 0)
System memory in use before: 96.6 MB.
System memory in use after: 96.5 MB.

Unloading 21 unused Assets to reduce memory usage. Loaded Objects now: 2710.
Total: 2.413600 ms (FindLiveObjects: 0.233200 ms CreateObjectMapping: 0.081700 ms MarkObjects: 1.952600 ms  DeleteObjects: 0.145100 ms)

========================================================================
Received Prepare
Registering precompiled user dll's ...
Registered in 0.004006 seconds.
Begin MonoManager ReloadAssembly
Native extension for WindowsStandalone target not found
Native extension for WebGL target not found
Refreshing native plugins compatible for Editor in 0.50 ms, found 3 plugins.
Preloading 0 native plugins for Editor in 0.00 ms.
Mono: successfully reloaded assembly
- Completed reload, in  1.116 seconds
Platform modules already initialized, skipping
Refreshing native plugins compatible for Editor in 0.54 ms, found 3 plugins.
Preloading 0 native plugins for Editor in 0.00 ms.
Unloading 2079 Unused Serialized files (Serialized files now loaded: 0)
System memory in use before: 96.6 MB.
System memory in use after: 96.5 MB.

Unloading 21 unused Assets to reduce memory usage. Loaded Objects now: 2714.
Total: 2.576800 ms (FindLiveObjects: 0.212700 ms CreateObjectMapping: 0.104800 ms MarkObjects: 2.105300 ms  DeleteObjects: 0.152700 ms)

========================================================================
Received Prepare
Registering precompiled user dll's ...
Registered in 0.004666 seconds.
Begin MonoManager ReloadAssembly
Native extension for WindowsStandalone target not found
Native extension for WebGL target not found
Refreshing native plugins compatible for Editor in 0.48 ms, found 3 plugins.
Preloading 0 native plugins for Editor in 0.00 ms.
Mono: successfully reloaded assembly
- Completed reload, in  1.162 seconds
Platform modules already initialized, skipping
Refreshing native plugins compatible for Editor in 0.48 ms, found 3 plugins.
Preloading 0 native plugins for Editor in 0.00 ms.
Unloading 2079 Unused Serialized files (Serialized files now loaded: 0)
System memory in use before: 96.6 MB.
System memory in use after: 96.6 MB.

Unloading 21 unused Assets to reduce memory usage. Loaded Objects now: 2718.
Total: 2.701100 ms (FindLiveObjects: 0.226300 ms CreateObjectMapping: 0.091800 ms MarkObjects: 2.225200 ms  DeleteObjects: 0.156600 ms)

========================================================================
Received Prepare
Registering precompiled user dll's ...
Registered in 0.004735 seconds.
Begin MonoManager ReloadAssembly
Native extension for WindowsStandalone target not found
Native extension for WebGL target not found
Refreshing native plugins compatible for Editor in 0.54 ms, found 3 plugins.
Preloading 0 native plugins for Editor in 0.00 ms.
Mono: successfully reloaded assembly
- Completed reload, in  1.241 seconds
Platform modules already initialized, skipping
Refreshing native plugins compatible for Editor in 0.60 ms, found 3 plugins.
Preloading 0 native plugins for Editor in 0.00 ms.
Unloading 2079 Unused Serialized files (Serialized files now loaded: 0)
System memory in use before: 96.6 MB.
System memory in use after: 96.7 MB.

Unloading 21 unused Assets to reduce memory usage. Loaded Objects now: 2722.
Total: 2.822800 ms (FindLiveObjects: 0.212900 ms CreateObjectMapping: 0.091300 ms MarkObjects: 2.366900 ms  DeleteObjects: 0.150300 ms)

========================================================================
Received Prepare
Registering precompiled user dll's ...
Registered in 0.004690 seconds.
Begin MonoManager ReloadAssembly
Native extension for WindowsStandalone target not found
Native extension for WebGL target not found
Refreshing native plugins compatible for Editor in 0.49 ms, found 3 plugins.
Preloading 0 native plugins for Editor in 0.00 ms.
Mono: successfully reloaded assembly
- Completed reload, in  1.267 seconds
Platform modules already initialized, skipping
Refreshing native plugins compatible for Editor in 0.53 ms, found 3 plugins.
Preloading 0 native plugins for Editor in 0.00 ms.
Unloading 2079 Unused Serialized files (Serialized files now loaded: 0)
System memory in use before: 96.6 MB.
System memory in use after: 96.7 MB.

Unloading 21 unused Assets to reduce memory usage. Loaded Objects now: 2726.
Total: 2.477000 ms (FindLiveObjects: 0.216600 ms CreateObjectMapping: 0.094000 ms MarkObjects: 2.038100 ms  DeleteObjects: 0.127100 ms)

========================================================================
Received Import Request.
  Time since last request: 197.734886 seconds.
  path: Assets/Prefabs/Block 1.prefab
  artifactKey: Guid(2c66287bc049c934cb8de2618dcf5dbd) Importer(815301076,1909f56bfc062723c751e8b465ee728b)
Start importing Assets/Prefabs/Block 1.prefab using Guid(2c66287bc049c934cb8de2618dcf5dbd) Importer(815301076,1909f56bfc062723c751e8b465ee728b)  -> (artifact id: '6f10ce044f9524845ff76335950880c1') in 0.065474 seconds
  Import took 0.069616 seconds .

========================================================================
Received Import Request.
  Time since last request: 0.000257 seconds.
  path: Assets/Prefabs/Block 2.prefab
  artifactKey: Guid(7d7086c0c9fead44a92ea9179b62092b) Importer(815301076,1909f56bfc062723c751e8b465ee728b)
Start importing Assets/Prefabs/Block 2.prefab using Guid(7d7086c0c9fead44a92ea9179b62092b) Importer(815301076,1909f56bfc062723c751e8b465ee728b)  -> (artifact id: '62e3d77368ca9f2903366265c5169e0c') in 0.015478 seconds
  Import took 0.019528 seconds .

========================================================================
Received Import Request.
  Time since last request: 2.434305 seconds.
  path: Assets/Prefabs/Block.prefab
  artifactKey: Guid(008d158628903844eb0a3d2aeb727130) Importer(815301076,1909f56bfc062723c751e8b465ee728b)
Start importing Assets/Prefabs/Block.prefab using Guid(008d158628903844eb0a3d2aeb727130) Importer(815301076,1909f56bfc062723c751e8b465ee728b)  -> (artifact id: 'f449b504351e1b431203321888613eaa') in 0.015079 seconds
  Import took 0.019621 seconds .

========================================================================
Received Prepare
Registering precompiled user dll's ...
Registered in 0.004521 seconds.
Begin MonoManager ReloadAssembly
Native extension for WindowsStandalone target not found
Native extension for WebGL target not found
Refreshing native plugins compatible for Editor in 0.48 ms, found 3 plugins.
Preloading 0 native plugins for Editor in 0.00 ms.
Mono: successfully reloaded assembly
- Completed reload, in  1.211 seconds
Platform modules already initialized, skipping
Refreshing native plugins compatible for Editor in 0.48 ms, found 3 plugins.
Preloading 0 native plugins for Editor in 0.00 ms.
Unloading 2079 Unused Serialized files (Serialized files now loaded: 0)
System memory in use before: 96.6 MB.
System memory in use after: 96.7 MB.

Unloading 21 unused Assets to reduce memory usage. Loaded Objects now: 2731.
Total: 2.461600 ms (FindLiveObjects: 0.213400 ms CreateObjectMapping: 0.091900 ms MarkObjects: 2.012300 ms  DeleteObjects: 0.142800 ms)

========================================================================
Received Prepare
Registering precompiled user dll's ...
Registered in 0.004912 seconds.
Begin MonoManager ReloadAssembly
Native extension for WindowsStandalone target not found
Native extension for WebGL target not found
Refreshing native plugins compatible for Editor in 0.50 ms, found 3 plugins.
Preloading 0 native plugins for Editor in 0.00 ms.
Mono: successfully reloaded assembly
- Completed reload, in  1.347 seconds
Platform modules already initialized, skipping
Refreshing native plugins compatible for Editor in 0.85 ms, found 3 plugins.
Preloading 0 native plugins for Editor in 0.00 ms.
Unloading 2079 Unused Serialized files (Serialized files now loaded: 0)
System memory in use before: 96.6 MB.
System memory in use after: 96.7 MB.

Unloading 21 unused Assets to reduce memory usage. Loaded Objects now: 2735.
Total: 2.930200 ms (FindLiveObjects: 0.239900 ms CreateObjectMapping: 0.098100 ms MarkObjects: 2.382300 ms  DeleteObjects: 0.208500 ms)

========================================================================
Received Prepare
Registering precompiled user dll's ...
Registered in 0.006128 seconds.
Begin MonoManager ReloadAssembly
Native extension for WindowsStandalone target not found
Native extension for WebGL target not found
Refreshing native plugins compatible for Editor in 0.51 ms, found 3 plugins.
Preloading 0 native plugins for Editor in 0.00 ms.
Mono: successfully reloaded assembly
- Completed reload, in  1.168 seconds
Platform modules already initialized, skipping
Refreshing native plugins compatible for Editor in 0.64 ms, found 3 plugins.
Preloading 0 native plugins for Editor in 0.00 ms.
Unloading 2079 Unused Serialized files (Serialized files now loaded: 0)
System memory in use before: 96.6 MB.
System memory in use after: 96.7 MB.

Unloading 21 unused Assets to reduce memory usage. Loaded Objects now: 2739.
Total: 3.505700 ms (FindLiveObjects: 0.323900 ms CreateObjectMapping: 0.188800 ms MarkObjects: 2.863200 ms  DeleteObjects: 0.128500 ms)

========================================================================
Received Prepare
Registering precompiled user dll's ...
Registered in 0.004500 seconds.
Begin MonoManager ReloadAssembly
Native extension for WindowsStandalone target not found
Native extension for WebGL target not found
Refreshing native plugins compatible for Editor in 0.52 ms, found 3 plugins.
Preloading 0 native plugins for Editor in 0.00 ms.
Mono: successfully reloaded assembly
- Completed reload, in  1.277 seconds
Platform modules already initialized, skipping
Refreshing native plugins compatible for Editor in 0.71 ms, found 3 plugins.
Preloading 0 native plugins for Editor in 0.00 ms.
Unloading 2079 Unused Serialized files (Serialized files now loaded: 0)
System memory in use before: 96.6 MB.
System memory in use after: 96.7 MB.

Unloading 21 unused Assets to reduce memory usage. Loaded Objects now: 2743.
Total: 2.559000 ms (FindLiveObjects: 0.225700 ms CreateObjectMapping: 0.093300 ms MarkObjects: 2.095900 ms  DeleteObjects: 0.142600 ms)

AssetImportWorkerClient::OnTransportError - code=2 error=End of file
